[debug] [2024-07-07T18:36:46.927Z] ----------------------------------------------------------------------
[debug] [2024-07-07T18:36:46.929Z] Command:       /home/faizan/.nvm/versions/node/v18.17.0/bin/node /home/faizan/.nvm/versions/node/v18.17.0/bin/firebase deploy
[debug] [2024-07-07T18:36:46.929Z] CLI Version:   13.7.5
[debug] [2024-07-07T18:36:46.930Z] Platform:      linux
[debug] [2024-07-07T18:36:46.930Z] Node Version:  v18.17.0
[debug] [2024-07-07T18:36:46.930Z] Time:          Sun Jul 07 2024 23:36:46 GMT+0500 (Pakistan Standard Time)
[debug] [2024-07-07T18:36:46.930Z] ----------------------------------------------------------------------
[debug] 
[debug] [2024-07-07T18:36:47.001Z] > command requires scopes: ["email","openid","https://www.googleapis.com/auth/cloudplatformprojects.readonly","https://www.googleapis.com/auth/firebase","https://www.googleapis.com/auth/cloud-platform"]
[debug] [2024-07-07T18:36:47.001Z] > authorizing via signed-in user (zahidkhanach@gmail.com)
[debug] [2024-07-07T18:36:47.001Z] [iam] checking project ehsaandraw for permissions ["firebase.projects.get","firebasehosting.sites.update"]
[debug] [2024-07-07T18:36:47.005Z] >>> [apiv2][query] POST https://cloudresourcemanager.googleapis.com/v1/projects/ehsaandraw:testIamPermissions [none]
[debug] [2024-07-07T18:36:47.005Z] >>> [apiv2][(partial)header] POST https://cloudresourcemanager.googleapis.com/v1/projects/ehsaandraw:testIamPermissions x-goog-quota-user=projects/ehsaandraw
[debug] [2024-07-07T18:36:47.006Z] >>> [apiv2][body] POST https://cloudresourcemanager.googleapis.com/v1/projects/ehsaandraw:testIamPermissions {"permissions":["firebase.projects.get","firebasehosting.sites.update"]}
[debug] [2024-07-07T18:36:48.638Z] <<< [apiv2][status] POST https://cloudresourcemanager.googleapis.com/v1/projects/ehsaandraw:testIamPermissions 200
[debug] [2024-07-07T18:36:48.640Z] <<< [apiv2][body] POST https://cloudresourcemanager.googleapis.com/v1/projects/ehsaandraw:testIamPermissions {"permissions":["firebase.projects.get","firebasehosting.sites.update"]}
[debug] [2024-07-07T18:36:48.643Z] >>> [apiv2][query] GET https://firebase.googleapis.com/v1beta1/projects/ehsaandraw [none]
[debug] [2024-07-07T18:36:49.271Z] <<< [apiv2][status] GET https://firebase.googleapis.com/v1beta1/projects/ehsaandraw 200
[debug] [2024-07-07T18:36:49.271Z] <<< [apiv2][body] GET https://firebase.googleapis.com/v1beta1/projects/ehsaandraw {"projectId":"ehsaandraw","projectNumber":"324689529899","displayName":"EhsaanDraw","name":"projects/ehsaandraw","resources":{"hostingSite":"ehsaandraw"},"state":"ACTIVE","etag":"1_502d093b-5616-40ff-9a9c-cc148574cb14"}
[info] 
[info] === Deploying to 'ehsaandraw'...
[info] 
[info] i  deploying hosting 
[debug] [2024-07-07T18:36:49.279Z] >>> [apiv2][query] POST https://firebasehosting.googleapis.com/v1beta1/projects/-/sites/ehsaandraw/versions [none]
[debug] [2024-07-07T18:36:49.279Z] >>> [apiv2][body] POST https://firebasehosting.googleapis.com/v1beta1/projects/-/sites/ehsaandraw/versions {"status":"CREATED","labels":{"deployment-tool":"cli-firebase"}}
[debug] [2024-07-07T18:36:52.003Z] <<< [apiv2][status] POST https://firebasehosting.googleapis.com/v1beta1/projects/-/sites/ehsaandraw/versions 200
[debug] [2024-07-07T18:36:52.003Z] <<< [apiv2][body] POST https://firebasehosting.googleapis.com/v1beta1/projects/-/sites/ehsaandraw/versions {"name":"projects/324689529899/sites/ehsaandraw/versions/7fa956ab07736dbe","status":"CREATED","config":{},"labels":{"deployment-tool":"cli-firebase"}}
[info] i  hosting[ehsaandraw]: beginning deploy... 
[info] i  hosting[ehsaandraw]: found 28 files in build 
[debug] [2024-07-07T18:36:52.018Z] [hosting] uploading with 200 concurrency
[debug] [2024-07-07T18:36:52.025Z] [hosting] hash cache [YnVpbGQ] stored for 28 files
[debug] [2024-07-07T18:36:52.025Z] [hosting][hash queue][FINAL] {"max":3,"min":1,"avg":1,"active":0,"complete":28,"success":28,"errored":0,"retried":0,"total":28,"elapsed":4}
[debug] [2024-07-07T18:36:52.026Z] >>> [apiv2][query] POST https://firebasehosting.googleapis.com/v1beta1/projects/324689529899/sites/ehsaandraw/versions/7fa956ab07736dbe:populateFiles [none]
[debug] [2024-07-07T18:36:52.026Z] >>> [apiv2][body] POST https://firebasehosting.googleapis.com/v1beta1/projects/324689529899/sites/ehsaandraw/versions/7fa956ab07736dbe:populateFiles {"files":{"/asset-manifest.json":"8546b4f3138fdc3cc809792b1fede5956456b67103c77f1efc455c6ed68afe2e","/favicon.ico":"c599b7a91ab3627e3538125d9f40adc2d4bf949046984262670545dc7738af06","/index.html":"023ecc675d0b32d8a510ddf8eeb17103fdcce893112425488b4d7ff1c70205be","/logo192.png":"76c449ccb9cd117c2f2338f091b18f7050f3210e249b2228f5c81b23f34377cd","/logo512.png":"7779210d56c1f3741e2e487799fe3092def4fa6ac450a60532b807c3a8971205","/manifest.json":"0958a5e0c831126100c8c2d06a6bbaa665a3900f21aaff4130238a6f5a113aa1","/robots.txt":"2544ca049f223a42bff01f72ad930a5edba75bbb7199d0f8430a02ff5aca16ec","/static/css/main.e6c13ad2.css":"bff9bd1a0098c18799dc53ed93b693d0e1383fcfce5b022e5b668096f8749ce7","/static/css/main.e6c13ad2.css.map":"d245f3b59bc1362c13e9fc075b5ca242c6aacdd80271d2e93b54a3184b1d6d50","/static/js/143.256890d1.chunk.js":"23e4198239e17c71492640de7f18837a16e6fe6f97a834dcb2fb67ef18480140","/static/js/143.256890d1.chunk.js.map":"c7c876c6c6aaf8e5642f0969b85def5ea5c0fa4fc936c256199cf20eb8e0cd35","/static/js/176.da6ac2f3.chunk.js":"bb463aad36a8f3c6b71052c8988f4ed47d51f1760aef28387924625bb0041ee5","/static/js/176.da6ac2f3.chunk.js.LICENSE.txt":"68ca7ae22f057fcfe66e76ad2c64c1588057c912495c83ef436b9ce26d755306","/static/js/176.da6ac2f3.chunk.js.map":"8dd071b0f5836713ceab761d5fefea8587b7120977caae79265542043fdc8e62","/static/js/335.64c07c8d.chunk.js":"44412ce12b0ff4e30998a45443d28406a7f70b8736d1870af9b9cbb6633b5562","/static/js/335.64c07c8d.chunk.js.map":"e89c3529fd24bbcabfb6a9bef99e1f93ba67cb198b130c4306f32d4ce26dc033","/static/js/411.5220e3cb.chunk.js":"26f527fda50d9b176811ea21eeda0808fbd17beb77c47329b53e1f9f7a0db157","/static/js/411.5220e3cb.chunk.js.LICENSE.txt":"283c9bd4a6471195ec89dc9f50c9424fab596011ffcf8350833ccdb2fe58cb42","/static/js/411.5220e3cb.chunk.js.map":"8264eaeac4dded9a9ceb424262795e249395dc469ed00a5dd3fd0bc811571e3b","/static/js/453.284d27dd.chunk.js":"d55c61909179167e91c053499a2ca6a4649d2cf4e04c38fffa8b422f4361977e","/static/js/453.284d27dd.chunk.js.map":"421713ff67903aebe6f00275aecd5de9b004f2cd45a4bd72941e0b75e6d5bc29","/static/js/778.5c684c9d.chunk.js":"facf9378cedd56c7d9ca87d01797735ca63f462b2b21a98352402003ebd9d443","/static/js/778.5c684c9d.chunk.js.map":"09d18d947faa8ef455b68c1dc3ee0049861f70be7b179f96793b95a9fdae2fb8","/static/js/main.8a9eef5e.js":"81aa45ff2248c7b20b996abc7aa4d2aafefcf094ed0e59258498c8500fb0941e","/static/js/main.8a9eef5e.js.LICENSE.txt":"410cf7c0a95de21c29d4a2eaa4ccb1b8817ed97ef4f93b1d334722d41734cbe9","/static/js/main.8a9eef5e.js.map":"9f0613677f47044b0002f7535342cc9476bd4f463ae39fa8e4bfea2b1f41f159","/static/media/EhsaanDrawPicture.7383c807bf37ab43334a.png":"6a60daef1abf05f496456bbf33d7a9c0a60aade8f8ada160e4fe1e9c2a427612","/static/media/gitImage.ddd2404f2fa54ad8e710.png":"dd1091bfe291287d673519658ed4e5c2f303a3ac6e07c6a8d51b8f80be81031b"}}
[debug] [2024-07-07T18:36:53.886Z] <<< [apiv2][status] POST https://firebasehosting.googleapis.com/v1beta1/projects/324689529899/sites/ehsaandraw/versions/7fa956ab07736dbe:populateFiles 200
[debug] [2024-07-07T18:36:53.887Z] <<< [apiv2][body] POST https://firebasehosting.googleapis.com/v1beta1/projects/324689529899/sites/ehsaandraw/versions/7fa956ab07736dbe:populateFiles {"uploadUrl":"https://upload-firebasehosting.googleapis.com/upload/sites/ehsaandraw/versions/7fa956ab07736dbe/files"}
[debug] [2024-07-07T18:36:53.888Z] [hosting][populate queue][FINAL] {"max":1864,"min":1864,"avg":1864,"active":0,"complete":1,"success":1,"errored":0,"retried":0,"total":1,"elapsed":1864}
[debug] [2024-07-07T18:36:53.889Z] [hosting] uploads queued: 0
[debug] [2024-07-07T18:36:53.889Z] [hosting][upload queue][FINAL] {"max":0,"min":9999999999,"avg":0,"active":0,"complete":0,"success":0,"errored":0,"retried":0,"total":0,"elapsed":1720377413889}
[info] ✔  hosting[ehsaandraw]: file upload complete 
[debug] [2024-07-07T18:36:53.892Z] [hosting] deploy completed after 1887ms
[debug] [2024-07-07T18:36:53.893Z] [
  {
    "config": {
      "public": "build",
      "ignore": [
        "firebase.json",
        "**/.*",
        "**/node_modules/**"
      ],
      "rewrites": [
        {
          "source": "**",
          "destination": "/index.html"
        }
      ],
      "site": "ehsaandraw"
    },
    "version": "projects/324689529899/sites/ehsaandraw/versions/7fa956ab07736dbe"
  }
]
[info] i  hosting[ehsaandraw]: finalizing version... 
[debug] [2024-07-07T18:36:53.902Z] >>> [apiv2][query] PATCH https://firebasehosting.googleapis.com/v1beta1/projects/-/sites/ehsaandraw/versions/7fa956ab07736dbe updateMask=status%2Cconfig
[debug] [2024-07-07T18:36:53.902Z] >>> [apiv2][body] PATCH https://firebasehosting.googleapis.com/v1beta1/projects/-/sites/ehsaandraw/versions/7fa956ab07736dbe {"status":"FINALIZED","config":{"rewrites":[{"glob":"**","path":"/index.html"}]}}
[debug] [2024-07-07T18:36:55.891Z] <<< [apiv2][status] PATCH https://firebasehosting.googleapis.com/v1beta1/projects/-/sites/ehsaandraw/versions/7fa956ab07736dbe 200
[debug] [2024-07-07T18:36:55.891Z] <<< [apiv2][body] PATCH https://firebasehosting.googleapis.com/v1beta1/projects/-/sites/ehsaandraw/versions/7fa956ab07736dbe {"name":"projects/324689529899/sites/ehsaandraw/versions/7fa956ab07736dbe","status":"FINALIZED","config":{"rewrites":[{"glob":"**","path":"/index.html"}]},"labels":{"deployment-tool":"cli-firebase"},"createTime":"2024-07-07T18:36:52.008263Z","createUser":{"email":"zahidkhanach@gmail.com"},"finalizeTime":"2024-07-07T18:36:56.600084Z","finalizeUser":{"email":"zahidkhanach@gmail.com"}}
[debug] [2024-07-07T18:36:55.891Z] [hosting] finalized version for ehsaandraw:[object Object]
[info] ✔  hosting[ehsaandraw]: version finalized 
[info] i  hosting[ehsaandraw]: releasing new version... 
[debug] [2024-07-07T18:36:55.893Z] >>> [apiv2][query] POST https://firebasehosting.googleapis.com/v1beta1/projects/-/sites/ehsaandraw/channels/live/releases versionName=projects%2F324689529899%2Fsites%2Fehsaandraw%2Fversions%2F7fa956ab07736dbe
[debug] [2024-07-07T18:36:55.894Z] >>> [apiv2][body] POST https://firebasehosting.googleapis.com/v1beta1/projects/-/sites/ehsaandraw/channels/live/releases {}
[debug] [2024-07-07T18:36:58.033Z] <<< [apiv2][status] POST https://firebasehosting.googleapis.com/v1beta1/projects/-/sites/ehsaandraw/channels/live/releases 200
[debug] [2024-07-07T18:36:58.033Z] <<< [apiv2][body] POST https://firebasehosting.googleapis.com/v1beta1/projects/-/sites/ehsaandraw/channels/live/releases {"name":"projects/324689529899/sites/ehsaandraw/channels/live/releases/1720377417841000","version":{"name":"projects/324689529899/sites/ehsaandraw/versions/7fa956ab07736dbe","status":"FINALIZED","config":{"rewrites":[{"glob":"**","path":"/index.html"}]},"labels":{"deployment-tool":"cli-firebase"},"createTime":"2024-07-07T18:36:52.008263Z","createUser":{"email":"zahidkhanach@gmail.com","imageUrl":"https://lh3.googleusercontent.com/a/ACg8ocIZkZhrNBFbfEQbozN4kw5EETUeZd81XpXre7BA55kJkDudPw=mo"},"finalizeTime":"2024-07-07T18:36:56.600084Z","finalizeUser":{"email":"zahidkhanach@gmail.com","imageUrl":"https://lh3.googleusercontent.com/a/ACg8ocIZkZhrNBFbfEQbozN4kw5EETUeZd81XpXre7BA55kJkDudPw=mo"}},"type":"DEPLOY","releaseTime":"2024-07-07T18:36:57.841Z","releaseUser":{"email":"zahidkhanach@gmail.com","imageUrl":"https://lh3.googleusercontent.com/a/ACg8ocIZkZhrNBFbfEQbozN4kw5EETUeZd81XpXre7BA55kJkDudPw=mo"}}
[debug] [2024-07-07T18:36:58.034Z] [hosting] release: {"name":"projects/324689529899/sites/ehsaandraw/channels/live/releases/1720377417841000","version":{"name":"projects/324689529899/sites/ehsaandraw/versions/7fa956ab07736dbe","status":"FINALIZED","config":{"rewrites":[{"glob":"**","path":"/index.html"}]},"labels":{"deployment-tool":"cli-firebase"},"createTime":"2024-07-07T18:36:52.008263Z","createUser":{"email":"zahidkhanach@gmail.com","imageUrl":"https://lh3.googleusercontent.com/a/ACg8ocIZkZhrNBFbfEQbozN4kw5EETUeZd81XpXre7BA55kJkDudPw=mo"},"finalizeTime":"2024-07-07T18:36:56.600084Z","finalizeUser":{"email":"zahidkhanach@gmail.com","imageUrl":"https://lh3.googleusercontent.com/a/ACg8ocIZkZhrNBFbfEQbozN4kw5EETUeZd81XpXre7BA55kJkDudPw=mo"}},"type":"DEPLOY","releaseTime":"2024-07-07T18:36:57.841Z","releaseUser":{"email":"zahidkhanach@gmail.com","imageUrl":"https://lh3.googleusercontent.com/a/ACg8ocIZkZhrNBFbfEQbozN4kw5EETUeZd81XpXre7BA55kJkDudPw=mo"}}
[info] ✔  hosting[ehsaandraw]: release complete 
[info] 
[info] ✔  Deploy complete! 
[info] 
[info] Project Console: https://console.firebase.google.com/project/ehsaandraw/overview
[info] Hosting URL: https://ehsaandraw.web.app
[debug] [2024-07-07T18:37:04.059Z] Error: Timed out.
    at Timeout._onTimeout (/home/faizan/.nvm/versions/node/v18.17.0/lib/node_modules/firebase-tools/lib/utils.js:261:49)
    at listOnTimeout (node:internal/timers:569:17)
    at process.processTimers (node:internal/timers:512:7)
[error] 
[error] Error: An unexpected error has occurred.
